<?xml version="1.0" encoding="UTF-8"?>
<testng-results ignored="0" total="3" passed="3" failed="0" skipped="0">
  <reporter-output>
  </reporter-output>
  <suite started-at="2022-12-10T23:54:34 IST" name="Default suite" finished-at="2022-12-10T23:54:42 IST" duration-ms="8159">
    <groups>
    </groups>
    <test started-at="2022-12-10T23:54:34 IST" name="Default test" finished-at="2022-12-10T23:54:42 IST" duration-ms="8159">
      <class name="com.qa.testcases.Tc_LoginPage_003">
        <test-method is-config="true" signature="setUp()[pri:0, instance:com.qa.testcases.Tc_LoginPage_003@18078bef]" started-at="2022-12-10T23:54:34 IST" name="setUp" finished-at="2022-12-10T23:54:36 IST" duration-ms="2013" status="PASS">
          <reporter-output>
          </reporter-output>
        </test-method> <!-- setUp -->
        <test-method signature="test1()[pri:1, instance:com.qa.testcases.Tc_LoginPage_003@18078bef]" started-at="2022-12-10T23:54:36 IST" name="test1" finished-at="2022-12-10T23:54:39 IST" duration-ms="3209" status="PASS">
          <reporter-output>
          </reporter-output>
        </test-method> <!-- test1 -->
        <test-method signature="test2()[pri:2, instance:com.qa.testcases.Tc_LoginPage_003@18078bef]" started-at="2022-12-10T23:54:39 IST" name="test2" finished-at="2022-12-10T23:54:42 IST" duration-ms="2837" status="PASS">
          <reporter-output>
          </reporter-output>
        </test-method> <!-- test2 -->
        <test-method signature="test3()[pri:3, instance:com.qa.testcases.Tc_LoginPage_003@18078bef]" started-at="2022-12-10T23:54:42 IST" name="test3" finished-at="2022-12-10T23:54:42 IST" duration-ms="42" status="PASS">
          <reporter-output>
          </reporter-output>
        </test-method> <!-- test3 -->
        <test-method is-config="true" signature="tearDown()[pri:0, instance:com.qa.testcases.Tc_LoginPage_003@18078bef]" started-at="2022-12-10T23:54:42 IST" name="tearDown" finished-at="2022-12-10T23:54:42 IST" duration-ms="0" status="PASS">
          <reporter-output>
          </reporter-output>
        </test-method> <!-- tearDown -->
      </class> <!-- com.qa.testcases.Tc_LoginPage_003 -->
    </test> <!-- Default test -->
  </suite> <!-- Default suite -->
</testng-results>
