<?xml version="1.0" encoding="UTF-8"?>
<!-- Generated by org.testng.reporters.JUnitXMLReporter -->
<testsuite ignored="0" hostname="sowjanya" failures="0" tests="3" name="Default test" time="8.159" errors="0" timestamp="2022-12-10T23:54:42 IST">
  <testcase classname="com.qa.testcases.Tc_LoginPage_003" name="test1" time="3.209"/>
  <testcase classname="com.qa.testcases.Tc_LoginPage_003" name="test2" time="2.837"/>
  <testcase classname="com.qa.testcases.Tc_LoginPage_003" name="test3" time="0.042"/>
</testsuite> <!-- Default test -->
